[finance-statements] 2026-07-06T03:51:26Z Skipping ready statement with existing manifest: 2025-12_empower-garciatrust-1234_statement.json
[finance-statements] 2026-07-06T03:51:26Z Skipping ready statement with existing manifest: 2026-01_empower-garciatrust-1234_statement.json
[finance-statements] 2026-07-06T03:51:26Z Skipping ready statement with existing manifest: 2026-02_empower-garciatrust-1234_statement.json
[finance-statements] 2026-07-06T03:51:26Z Skipping ready statement with existing manifest: 2026-03_empower-garciatrust-1234_statement.json
[finance-statements] 2026-07-06T03:51:26Z Skipping ready statement with existing manifest: 2026-04_empower-garciatrust-1234_statement.json
[finance-statements] 2026-07-06T03:51:26Z Skipping ready statement with existing manifest: 2026-05_empower-garciatrust-1234_statement.json
[finance-statements] 2026-07-06T03:51:26Z Skipping ready statement with existing manifest: 2026-06_empower-garciatrust-1234_statement.json
[finance-statements] 2026-07-06T03:53:03Z Skipping ready statement with existing manifest: 2025-12_empower-garciatrust-1234_statement.json
[finance-statements] 2026-07-06T03:53:03Z Skipping ready statement with existing manifest: 2026-01_empower-garciatrust-1234_statement.json
[finance-statements] 2026-07-06T03:53:03Z Skipping ready statement with existing manifest: 2026-02_empower-garciatrust-1234_statement.json
[finance-statements] 2026-07-06T03:53:03Z Skipping ready statement with existing manifest: 2026-03_empower-garciatrust-1234_statement.json
[finance-statements] 2026-07-06T03:53:03Z Skipping ready statement with existing manifest: 2026-04_empower-garciatrust-1234_statement.json
[finance-statements] 2026-07-06T03:53:03Z Skipping ready statement with existing manifest: 2026-05_empower-garciatrust-1234_statement.json
[finance-statements] 2026-07-06T03:53:03Z Skipping ready statement with existing manifest: 2026-06_empower-garciatrust-1234_statement.json
[finance-statements] 2026-07-06T03:53:14Z Skipping ready statement with existing manifest: 2025-12_empower-garciatrust-1234_statement.json
[finance-statements] 2026-07-06T03:53:14Z Skipping ready statement with existing manifest: 2026-01_empower-garciatrust-1234_statement.json
[finance-statements] 2026-07-06T03:53:14Z Skipping ready statement with existing manifest: 2026-02_empower-garciatrust-1234_statement.json
[finance-statements] 2026-07-06T03:53:14Z Skipping ready statement with existing manifest: 2026-03_empower-garciatrust-1234_statement.json
[finance-statements] 2026-07-06T03:53:14Z Skipping ready statement with existing manifest: 2026-04_empower-garciatrust-1234_statement.json
[finance-statements] 2026-07-06T03:53:14Z Skipping ready statement with existing manifest: 2026-05_empower-garciatrust-1234_statement.json
[finance-statements] 2026-07-06T03:53:14Z Skipping ready statement with existing manifest: 2026-06_empower-garciatrust-1234_statement.json
[finance-statements] 2026-07-06T03:54:27Z Skipping ready statement with existing manifest: 2025-12_empower-garciatrust-1234_statement.json
[finance-statements] 2026-07-06T03:54:27Z Skipping ready statement with existing manifest: 2026-01_empower-garciatrust-1234_statement.json
[finance-statements] 2026-07-06T03:54:27Z Skipping ready statement with existing manifest: 2026-02_empower-garciatrust-1234_statement.json
[finance-statements] 2026-07-06T03:54:27Z Skipping ready statement with existing manifest: 2026-03_empower-garciatrust-1234_statement.json
[finance-statements] 2026-07-06T03:54:27Z Skipping ready statement with existing manifest: 2026-04_empower-garciatrust-1234_statement.json
[finance-statements] 2026-07-06T03:54:27Z Skipping ready statement with existing manifest: 2026-05_empower-garciatrust-1234_statement.json
[finance-statements] 2026-07-06T03:54:27Z Skipping ready statement with existing manifest: 2026-06_empower-garciatrust-1234_statement.json
[finance-statements] 2026-07-06T03:55:41Z Skipping ready statement with existing manifest: 2025-12_empower-garciatrust-1234_statement.json
[finance-statements] 2026-07-06T03:55:41Z Skipping ready statement with existing manifest: 2026-01_empower-garciatrust-1234_statement.json
[finance-statements] 2026-07-06T03:55:41Z Skipping ready statement with existing manifest: 2026-02_empower-garciatrust-1234_statement.json
[finance-statements] 2026-07-06T03:55:41Z Skipping ready statement with existing manifest: 2026-03_empower-garciatrust-1234_statement.json
[finance-statements] 2026-07-06T03:55:41Z Skipping ready statement with existing manifest: 2026-04_empower-garciatrust-1234_statement.json
[finance-statements] 2026-07-06T03:55:41Z Skipping ready statement with existing manifest: 2026-05_empower-garciatrust-1234_statement.json
[finance-statements] 2026-07-06T03:55:41Z Skipping ready statement with existing manifest: 2026-06_empower-garciatrust-1234_statement.json
[finance-statements] 2026-07-06T03:58:05Z Converting PDF to MD: 2025-12_empower-garciatrust-1234_statement.pdf
[finance-statements] 2026-07-06T03:58:07Z Created MD: 2025-12_empower-garciatrust-1234_statement.md
[finance-statements] 2026-07-06T03:58:07Z Converting PDF to MD: 2026-01_empower-garciatrust-1234_statement.pdf
[finance-statements] 2026-07-06T03:58:08Z Created MD: 2026-01_empower-garciatrust-1234_statement.md
[finance-statements] 2026-07-06T03:58:08Z Converting PDF to MD: 2026-02_empower-garciatrust-1234_statement.pdf
[finance-statements] 2026-07-06T03:58:09Z Created MD: 2026-02_empower-garciatrust-1234_statement.md
[finance-statements] 2026-07-06T03:58:09Z Converting PDF to MD: 2026-03_empower-garciatrust-1234_statement.pdf
[finance-statements] 2026-07-06T03:58:11Z Created MD: 2026-03_empower-garciatrust-1234_statement.md
[finance-statements] 2026-07-06T03:58:11Z Converting PDF to MD: 2026-04_empower-garciatrust-1234_statement.pdf
[finance-statements] 2026-07-06T03:58:12Z Created MD: 2026-04_empower-garciatrust-1234_statement.md
[finance-statements] 2026-07-06T03:58:12Z Converting PDF to MD: 2026-05_empower-garciatrust-1234_statement.pdf
[finance-statements] 2026-07-06T03:58:14Z Created MD: 2026-05_empower-garciatrust-1234_statement.md
[finance-statements] 2026-07-06T03:58:14Z Converting PDF to MD: 2026-06_empower-garciatrust-1234_statement.pdf
[finance-statements] 2026-07-06T03:58:16Z Created MD: 2026-06_empower-garciatrust-1234_statement.md
[finance-statements] 2026-07-06T03:58:46Z Processing ready statement: 2025-12_empower-garciatrust-1234_statement.md
[finance-statements] 2026-07-06T03:58:46Z Detected Empower/Pershing statement
{
  "statement_id": "2025-12_empower-garciatrust-1234_statement",
  "holdings": 182,
  "transactions": 167,
  "accounts": 4,
  "activity_rows": 20,
  "outputs": [
    "/Users/jesusgarcia/ObsidianVaults/second-brain/91_finance/Statements/2025-12_empower-garciatrust-1234_statement.json",
    "/Users/jesusgarcia/ObsidianVaults/second-brain/91_finance/Statements/2025-12_empower-garciatrust-1234_statement_holdings.csv",
    "/Users/jesusgarcia/ObsidianVaults/second-brain/91_finance/Statements/2025-12_empower-garciatrust-1234_statement_transactions.csv",
    "/Users/jesusgarcia/ObsidianVaults/second-brain/91_finance/Statements/2025-12_empower-garciatrust-1234_statement_accounts.csv",
    "/Users/jesusgarcia/ObsidianVaults/second-brain/91_finance/Statements/2025-12_empower-garciatrust-1234_statement_activity.csv"
  ]
}
[finance-statements] 2026-07-06T03:58:46Z Validating CSVs for: 2025-12_empower-garciatrust-1234_statement.md
CSV validation passed for 2025-12_empower-garciatrust-1234_statement.md
[finance-statements] 2026-07-06T03:58:46Z Creating manifest for: 2025-12_empower-garciatrust-1234_statement.md
Skipping existing manifest: /Users/jesusgarcia/ObsidianVaults/second-brain/91_finance/Statements/2025-12_empower-garciatrust-1234_statement.json
[finance-statements] 2026-07-06T03:58:46Z Completed pipeline for: 2025-12_empower-garciatrust-1234_statement.md
[finance-statements] 2026-07-06T03:58:56Z Skipping ready statement with existing manifest: 2025-12_empower-garciatrust-1234_statement.json
[finance-statements] 2026-07-06T04:01:38Z Processing ready statement: 2025-12_empower-garciatrust-1234_statement.md
[finance-statements] 2026-07-06T04:01:38Z Detected Empower/Pershing statement
{
  "statement_id": "2025-12_empower-garciatrust-1234_statement",
  "holdings": 182,
  "transactions": 167,
  "accounts": 4,
  "activity_rows": 20,
  "outputs": [
    "/Users/jesusgarcia/ObsidianVaults/second-brain/91_finance/Statements/2025-12_empower-garciatrust-1234_statement.json",
    "/Users/jesusgarcia/ObsidianVaults/second-brain/91_finance/Statements/2025-12_empower-garciatrust-1234_statement_holdings.csv",
    "/Users/jesusgarcia/ObsidianVaults/second-brain/91_finance/Statements/2025-12_empower-garciatrust-1234_statement_transactions.csv",
    "/Users/jesusgarcia/ObsidianVaults/second-brain/91_finance/Statements/2025-12_empower-garciatrust-1234_statement_accounts.csv",
    "/Users/jesusgarcia/ObsidianVaults/second-brain/91_finance/Statements/2025-12_empower-garciatrust-1234_statement_activity.csv"
  ]
}
[finance-statements] 2026-07-06T04:01:38Z Validating CSVs for: 2025-12_empower-garciatrust-1234_statement.md
CSV validation passed for 2025-12_empower-garciatrust-1234_statement.md
[finance-statements] 2026-07-06T04:01:38Z Creating manifest for: 2025-12_empower-garciatrust-1234_statement.md
Skipping existing manifest: /Users/jesusgarcia/ObsidianVaults/second-brain/91_finance/Statements/2025-12_empower-garciatrust-1234_statement.json
[finance-statements] 2026-07-06T04:01:38Z Completed pipeline for: 2025-12_empower-garciatrust-1234_statement.md
[finance-statements] 2026-07-06T04:01:49Z Skipping ready statement with existing manifest: 2025-12_empower-garciatrust-1234_statement.json
[finance-statements] 2026-07-06T04:09:35Z Processing ready statement: 2025-12_empower-garciatrust-1234_statement.md
[finance-statements] 2026-07-06T04:09:35Z Detected Empower/Pershing statement
{
  "statement_id": "2025-12_empower-garciatrust-1234_statement",
  "holdings": 182,
  "transactions": 167,
  "accounts": 4,
  "activity_rows": 20,
  "outputs": [
    "/Users/jesusgarcia/ObsidianVaults/second-brain/91_finance/Statements/2025-12_empower-garciatrust-1234_statement_holdings.csv",
    "/Users/jesusgarcia/ObsidianVaults/second-brain/91_finance/Statements/2025-12_empower-garciatrust-1234_statement_transactions.csv",
    "/Users/jesusgarcia/ObsidianVaults/second-brain/91_finance/Statements/2025-12_empower-garciatrust-1234_statement_accounts.csv",
    "/Users/jesusgarcia/ObsidianVaults/second-brain/91_finance/Statements/2025-12_empower-garciatrust-1234_statement_activity.csv"
  ]
}
[finance-statements] 2026-07-06T04:09:35Z Validating CSVs for: 2025-12_empower-garciatrust-1234_statement.md
CSV validation passed for 2025-12_empower-garciatrust-1234_statement.md
[finance-statements] 2026-07-06T04:09:35Z Creating manifest for: 2025-12_empower-garciatrust-1234_statement.md
Wrote /Users/jesusgarcia/ObsidianVaults/second-brain/91_finance/Statements/2025-12_empower-garciatrust-1234_statement.json
[finance-statements] 2026-07-06T04:09:35Z Completed pipeline for: 2025-12_empower-garciatrust-1234_statement.md
[finance-statements] 2026-07-06T04:09:45Z Skipping ready statement with existing manifest: 2025-12_empower-garciatrust-1234_statement.json
